GROUP,PACKAGE,CLASS,INSTRUCTION_MISSED,INSTRUCTION_COVERED,BRANCH_MISSED,BRANCH_COVERED,LINE_MISSED,LINE_COVERED,COMPLEXITY_MISSED,COMPLEXITY_COVERED,METHOD_MISSED,METHOD_COVERED
hw2-problem2,edu.postech.csed332.homework2,DelegateTree,16,386,8,50,7,80,8,36,0,15
hw2-problem2,edu.postech.csed332.homework2,Edge,24,9,2,0,3,1,3,1,2,1
hw2-problem2,edu.postech.csed332.homework2,MutableTree,0,2,0,0,0,1,0,1,0,1
hw2-problem2,edu.postech.csed332.homework2,Graph,27,53,0,6,3,11,1,6,1,3
hw2-problem2,edu.postech.csed332.homework2,ParentPointerTree.Node,0,9,0,0,0,1,0,1,0,1
hw2-problem2,edu.postech.csed332.homework2,Tree,32,0,0,0,4,0,1,0,1,0
hw2-problem2,edu.postech.csed332.homework2,AdjacencyListGraph,8,236,5,23,4,47,5,23,0,14
hw2-problem2,edu.postech.csed332.homework2,ParentPointerTree,12,432,7,57,6,86,7,40,0,15
